<?xml version="1.0" encoding="UTF-8"?>
<testng-results skipped="0" failed="1" ignored="0" total="2" passed="1">
  <reporter-output>
  </reporter-output>
  <suite name="Default suite" duration-ms="13451" started-at="2019-02-12T03:49:17Z" finished-at="2019-02-12T03:49:31Z">
    <groups>
    </groups>
    <test name="Default test" duration-ms="13451" started-at="2019-02-12T03:49:17Z" finished-at="2019-02-12T03:49:31Z">
      <class name="com.pagelibrary.com.ranford.TestExecution">
        <test-method status="PASS" signature="report()[pri:0, instance:com.pagelibrary.com.ranford.TestExecution@18be83e4]" name="report" is-config="true" duration-ms="414" started-at="2019-02-12T09:19:17Z" finished-at="2019-02-12T09:19:18Z">
          <reporter-output>
          </reporter-output>
        </test-method> <!-- report -->
        <test-method status="PASS" signature="sendthefunction_toreport(java.lang.reflect.Method)[pri:0, instance:com.pagelibrary.com.ranford.TestExecution@18be83e4]" name="sendthefunction_toreport" is-config="true" duration-ms="6" started-at="2019-02-12T09:19:18Z" finished-at="2019-02-12T09:19:18Z">
          <params>
            <param index="0">
              <value>
                <![CDATA[public void com.pagelibrary.com.ranford.TestExecution.verify_launch()]]>
              </value>
            </param>
          </params>
          <reporter-output>
          </reporter-output>
        </test-method> <!-- sendthefunction_toreport -->
        <test-method status="PASS" signature="verify_launch()[pri:0, instance:com.pagelibrary.com.ranford.TestExecution@18be83e4]" name="verify_launch" duration-ms="12942" started-at="2019-02-12T09:19:18Z" finished-at="2019-02-12T09:19:31Z">
          <reporter-output>
          </reporter-output>
        </test-method> <!-- verify_launch -->
        <test-method status="PASS" signature="sendthefunction_toreport(java.lang.reflect.Method)[pri:0, instance:com.pagelibrary.com.ranford.TestExecution@18be83e4]" name="sendthefunction_toreport" is-config="true" duration-ms="1" started-at="2019-02-12T09:19:31Z" finished-at="2019-02-12T09:19:31Z">
          <params>
            <param index="0">
              <value>
                <![CDATA[public void com.pagelibrary.com.ranford.TestExecution.verify_login()]]>
              </value>
            </param>
          </params>
          <reporter-output>
          </reporter-output>
        </test-method> <!-- sendthefunction_toreport -->
        <test-method status="FAIL" signature="verify_login()[pri:1, instance:com.pagelibrary.com.ranford.TestExecution@18be83e4]" name="verify_login" duration-ms="3" started-at="2019-02-12T09:19:31Z" finished-at="2019-02-12T09:19:31Z">
          <exception class="java.lang.NullPointerException">
            <full-stacktrace>
              <![CDATA[java.lang.NullPointerException
	at org.openqa.selenium.remote.RemoteWebDriver.findElement(RemoteWebDriver.java:355)
	at com.pagelibrary.com.ranford.BankerLogin_Page.username_editbox(BankerLogin_Page.java:13)
	at com.pagelibrary.com.ranford.Reprository.login(Reprository.java:64)
	at com.pagelibrary.com.ranford.TestExecution.verify_login(TestExecution.java:18)
	at sun.reflect.NativeMethodAccessorImpl.invoke0(Native Method)
	at sun.reflect.NativeMethodAccessorImpl.invoke(Unknown Source)
	at sun.reflect.DelegatingMethodAccessorImpl.invoke(Unknown Source)
	at java.lang.reflect.Method.invoke(Unknown Source)
	at org.testng.internal.MethodInvocationHelper.invokeMethod(MethodInvocationHelper.java:108)
	at org.testng.internal.Invoker.invokeMethod(Invoker.java:661)
	at org.testng.internal.Invoker.invokeTestMethod(Invoker.java:869)
	at org.testng.internal.Invoker.invokeTestMethods(Invoker.java:1193)
	at org.testng.internal.TestMethodWorker.invokeTestMethods(TestMethodWorker.java:126)
	at org.testng.internal.TestMethodWorker.run(TestMethodWorker.java:109)
	at org.testng.TestRunner.privateRun(TestRunner.java:744)
	at org.testng.TestRunner.run(TestRunner.java:602)
	at org.testng.SuiteRunner.runTest(SuiteRunner.java:380)
	at org.testng.SuiteRunner.runSequentially(SuiteRunner.java:375)
	at org.testng.SuiteRunner.privateRun(SuiteRunner.java:340)
	at org.testng.SuiteRunner.run(SuiteRunner.java:289)
	at org.testng.SuiteRunnerWorker.runSuite(SuiteRunnerWorker.java:52)
	at org.testng.SuiteRunnerWorker.run(SuiteRunnerWorker.java:86)
	at org.testng.TestNG.runSuitesSequentially(TestNG.java:1301)
	at org.testng.TestNG.runSuitesLocally(TestNG.java:1226)
	at org.testng.TestNG.runSuites(TestNG.java:1144)
	at org.testng.TestNG.run(TestNG.java:1115)
	at org.testng.remote.AbstractRemoteTestNG.run(AbstractRemoteTestNG.java:114)
	at org.testng.remote.RemoteTestNG.initAndRun(RemoteTestNG.java:251)
	at org.testng.remote.RemoteTestNG.main(RemoteTestNG.java:77)
]]>
            </full-stacktrace>
          </exception> <!-- java.lang.NullPointerException -->
          <reporter-output>
          </reporter-output>
        </test-method> <!-- verify_login -->
      </class> <!-- com.pagelibrary.com.ranford.TestExecution -->
    </test> <!-- Default test -->
  </suite> <!-- Default suite -->
</testng-results>
